<?xml version="1.0" encoding="UTF-8"?>
<!-- Generated by org.testng.reporters.JUnitXMLReporter -->
<testsuite ignored="0" hostname="LAPTOP-GVRJID11" failures="0" tests="9" name="Default test" time="14.951" errors="0" timestamp="2023-12-17T11:42:09 IST">
  <testcase classname="api.test.DDTest" name="testPostUser" time="3.804"/>
  <testcase classname="api.test.DDTest" name="testPostUser" time="1.106"/>
  <testcase classname="api.test.DDTest" name="testPostUser" time="1.141"/>
  <testcase classname="api.test.DDTest" name="testGetUser" time="1.118"/>
  <testcase classname="api.test.DDTest" name="testGetUser" time="1.141"/>
  <testcase classname="api.test.DDTest" name="testGetUser" time="1.104"/>
  <testcase classname="api.test.DDTest" name="testDeleteUserByName" time="1.15"/>
  <testcase classname="api.test.DDTest" name="testDeleteUserByName" time="1.103"/>
  <testcase classname="api.test.DDTest" name="testDeleteUserByName" time="1.106"/>
</testsuite> <!-- Default test -->
