<?xml version="1.0" encoding="UTF-8"?>
<testng-results ignored="0" total="13" passed="13" failed="0" skipped="0">
  <reporter-output>
  </reporter-output>
  <suite started-at="2023-12-20T21:59:50 IST" name="PetSuite" finished-at="2023-12-20T22:00:18 IST" duration-ms="28473">
    <groups>
    </groups>
    <test started-at="2023-12-20T21:59:50 IST" name="PetTest" finished-at="2023-12-20T22:00:18 IST" duration-ms="28473">
      <class name="api.test.DDTest">
        <test-method signature="testPostUser(java.lang.String,java.lang.String,java.lang.String,java.lang.String,java.lang.String,java.lang.String,java.lang.String)[pri:1, instance:api.test.DDTest@6c80d78a]" started-at="2023-12-20T22:00:04 IST" name="testPostUser" data-provider="Data" finished-at="2023-12-20T22:00:06 IST" duration-ms="1843" status="PASS">
          <params>
            <param index="0">
              <value>
                <![CDATA[1010]]>
              </value>
            </param>
            <param index="1">
              <value>
                <![CDATA[testUser1]]>
              </value>
            </param>
            <param index="2">
              <value>
                <![CDATA[test]]>
              </value>
            </param>
            <param index="3">
              <value>
                <![CDATA[user]]>
              </value>
            </param>
            <param index="4">
              <value>
                <![CDATA[testuser1@gmail.com]]>
              </value>
            </param>
            <param index="5">
              <value>
                <![CDATA[test1234]]>
              </value>
            </param>
            <param index="6">
              <value>
                <![CDATA[87654300]]>
              </value>
            </param>
          </params>
          <reporter-output>
          </reporter-output>
        </test-method> <!-- testPostUser -->
        <test-method signature="testPostUser(java.lang.String,java.lang.String,java.lang.String,java.lang.String,java.lang.String,java.lang.String,java.lang.String)[pri:1, instance:api.test.DDTest@6c80d78a]" started-at="2023-12-20T22:00:06 IST" name="testPostUser" data-provider="Data" finished-at="2023-12-20T22:00:07 IST" duration-ms="1431" status="PASS">
          <params>
            <param index="0">
              <value>
                <![CDATA[1020]]>
              </value>
            </param>
            <param index="1">
              <value>
                <![CDATA[testUser2]]>
              </value>
            </param>
            <param index="2">
              <value>
                <![CDATA[test]]>
              </value>
            </param>
            <param index="3">
              <value>
                <![CDATA[user2]]>
              </value>
            </param>
            <param index="4">
              <value>
                <![CDATA[testuser2@gmail.com]]>
              </value>
            </param>
            <param index="5">
              <value>
                <![CDATA[test12345]]>
              </value>
            </param>
            <param index="6">
              <value>
                <![CDATA[90000987]]>
              </value>
            </param>
          </params>
          <reporter-output>
          </reporter-output>
        </test-method> <!-- testPostUser -->
        <test-method signature="testPostUser(java.lang.String,java.lang.String,java.lang.String,java.lang.String,java.lang.String,java.lang.String,java.lang.String)[pri:1, instance:api.test.DDTest@6c80d78a]" started-at="2023-12-20T22:00:07 IST" name="testPostUser" data-provider="Data" finished-at="2023-12-20T22:00:09 IST" duration-ms="1545" status="PASS">
          <params>
            <param index="0">
              <value>
                <![CDATA[1030]]>
              </value>
            </param>
            <param index="1">
              <value>
                <![CDATA[testUser3]]>
              </value>
            </param>
            <param index="2">
              <value>
                <![CDATA[test]]>
              </value>
            </param>
            <param index="3">
              <value>
                <![CDATA[user3]]>
              </value>
            </param>
            <param index="4">
              <value>
                <![CDATA[testuser3@gmail.com]]>
              </value>
            </param>
            <param index="5">
              <value>
                <![CDATA[test123456]]>
              </value>
            </param>
            <param index="6">
              <value>
                <![CDATA[78909877]]>
              </value>
            </param>
          </params>
          <reporter-output>
          </reporter-output>
        </test-method> <!-- testPostUser -->
        <test-method signature="testGetUser(java.lang.String)[pri:2, instance:api.test.DDTest@6c80d78a]" started-at="2023-12-20T22:00:09 IST" name="testGetUser" data-provider="UserNames" finished-at="2023-12-20T22:00:11 IST" duration-ms="1390" status="PASS">
          <params>
            <param index="0">
              <value>
                <![CDATA[testUser1]]>
              </value>
            </param>
          </params>
          <reporter-output>
          </reporter-output>
        </test-method> <!-- testGetUser -->
        <test-method signature="testGetUser(java.lang.String)[pri:2, instance:api.test.DDTest@6c80d78a]" started-at="2023-12-20T22:00:11 IST" name="testGetUser" data-provider="UserNames" finished-at="2023-12-20T22:00:12 IST" duration-ms="1537" status="PASS">
          <params>
            <param index="0">
              <value>
                <![CDATA[testUser2]]>
              </value>
            </param>
          </params>
          <reporter-output>
          </reporter-output>
        </test-method> <!-- testGetUser -->
        <test-method signature="testGetUser(java.lang.String)[pri:2, instance:api.test.DDTest@6c80d78a]" started-at="2023-12-20T22:00:12 IST" name="testGetUser" data-provider="UserNames" finished-at="2023-12-20T22:00:14 IST" duration-ms="1522" status="PASS">
          <params>
            <param index="0">
              <value>
                <![CDATA[testUser3]]>
              </value>
            </param>
          </params>
          <reporter-output>
          </reporter-output>
        </test-method> <!-- testGetUser -->
        <test-method signature="testDeleteUserByName(java.lang.String)[pri:3, instance:api.test.DDTest@6c80d78a]" started-at="2023-12-20T22:00:14 IST" name="testDeleteUserByName" data-provider="UserNames" finished-at="2023-12-20T22:00:15 IST" duration-ms="1510" status="PASS">
          <params>
            <param index="0">
              <value>
                <![CDATA[testUser1]]>
              </value>
            </param>
          </params>
          <reporter-output>
          </reporter-output>
        </test-method> <!-- testDeleteUserByName -->
        <test-method signature="testDeleteUserByName(java.lang.String)[pri:3, instance:api.test.DDTest@6c80d78a]" started-at="2023-12-20T22:00:15 IST" name="testDeleteUserByName" data-provider="UserNames" finished-at="2023-12-20T22:00:17 IST" duration-ms="1535" status="PASS">
          <params>
            <param index="0">
              <value>
                <![CDATA[testUser2]]>
              </value>
            </param>
          </params>
          <reporter-output>
          </reporter-output>
        </test-method> <!-- testDeleteUserByName -->
        <test-method signature="testDeleteUserByName(java.lang.String)[pri:3, instance:api.test.DDTest@6c80d78a]" started-at="2023-12-20T22:00:17 IST" name="testDeleteUserByName" data-provider="UserNames" finished-at="2023-12-20T22:00:18 IST" duration-ms="1533" status="PASS">
          <params>
            <param index="0">
              <value>
                <![CDATA[testUser3]]>
              </value>
            </param>
          </params>
          <reporter-output>
          </reporter-output>
        </test-method> <!-- testDeleteUserByName -->
      </class> <!-- api.test.DDTest -->
      <class name="api.test.UserTests">
        <test-method is-config="true" signature="setupData()[pri:0, instance:api.test.UserTests@384ad17b]" started-at="2023-12-20T21:59:50 IST" name="setupData" finished-at="2023-12-20T21:59:51 IST" duration-ms="1154" status="PASS">
          <reporter-output>
          </reporter-output>
        </test-method> <!-- setupData -->
        <test-method signature="testPostUser()[pri:1, instance:api.test.UserTests@384ad17b]" started-at="2023-12-20T21:59:51 IST" name="testPostUser" finished-at="2023-12-20T21:59:55 IST" duration-ms="3356" status="PASS">
          <reporter-output>
          </reporter-output>
        </test-method> <!-- testPostUser -->
        <test-method signature="testgetUser()[pri:2, instance:api.test.UserTests@384ad17b]" started-at="2023-12-20T21:59:55 IST" name="testgetUser" finished-at="2023-12-20T21:59:58 IST" duration-ms="3378" status="PASS">
          <reporter-output>
          </reporter-output>
        </test-method> <!-- testgetUser -->
        <test-method signature="testUpdateUser()[pri:3, instance:api.test.UserTests@384ad17b]" started-at="2023-12-20T21:59:58 IST" name="testUpdateUser" finished-at="2023-12-20T22:00:01 IST" duration-ms="3074" status="PASS">
          <reporter-output>
          </reporter-output>
        </test-method> <!-- testUpdateUser -->
        <test-method signature="testDeleteUser()[pri:4, instance:api.test.UserTests@384ad17b]" started-at="2023-12-20T22:00:01 IST" name="testDeleteUser" finished-at="2023-12-20T22:00:03 IST" duration-ms="1535" status="PASS">
          <reporter-output>
          </reporter-output>
        </test-method> <!-- testDeleteUser -->
      </class> <!-- api.test.UserTests -->
    </test> <!-- PetTest -->
  </suite> <!-- PetSuite -->
</testng-results>
