<?xml version="1.0" encoding="UTF-8"?>
<testng-results ignored="0" total="13" passed="13" failed="0" skipped="0">
  <reporter-output>
  </reporter-output>
  <suite started-at="2023-12-20T21:58:39 IST" name="PetSuite" finished-at="2023-12-20T21:59:06 IST" duration-ms="26982">
    <groups>
    </groups>
    <test started-at="2023-12-20T21:58:39 IST" name="PetTest" finished-at="2023-12-20T21:59:06 IST" duration-ms="26982">
      <class name="api.test.DDTest">
        <test-method signature="testPostUser(java.lang.String,java.lang.String,java.lang.String,java.lang.String,java.lang.String,java.lang.String,java.lang.String)[pri:1, instance:api.test.DDTest@31304f14]" started-at="2023-12-20T21:58:52 IST" name="testPostUser" data-provider="Data" finished-at="2023-12-20T21:58:53 IST" duration-ms="1557" status="PASS">
          <params>
            <param index="0">
              <value>
                <![CDATA[1010]]>
              </value>
            </param>
            <param index="1">
              <value>
                <![CDATA[testUser1]]>
              </value>
            </param>
            <param index="2">
              <value>
                <![CDATA[test]]>
              </value>
            </param>
            <param index="3">
              <value>
                <![CDATA[user]]>
              </value>
            </param>
            <param index="4">
              <value>
                <![CDATA[testuser1@gmail.com]]>
              </value>
            </param>
            <param index="5">
              <value>
                <![CDATA[test1234]]>
              </value>
            </param>
            <param index="6">
              <value>
                <![CDATA[87654300]]>
              </value>
            </param>
          </params>
          <reporter-output>
          </reporter-output>
        </test-method> <!-- testPostUser -->
        <test-method signature="testPostUser(java.lang.String,java.lang.String,java.lang.String,java.lang.String,java.lang.String,java.lang.String,java.lang.String)[pri:1, instance:api.test.DDTest@31304f14]" started-at="2023-12-20T21:58:53 IST" name="testPostUser" data-provider="Data" finished-at="2023-12-20T21:58:55 IST" duration-ms="1532" status="PASS">
          <params>
            <param index="0">
              <value>
                <![CDATA[1020]]>
              </value>
            </param>
            <param index="1">
              <value>
                <![CDATA[testUser2]]>
              </value>
            </param>
            <param index="2">
              <value>
                <![CDATA[test]]>
              </value>
            </param>
            <param index="3">
              <value>
                <![CDATA[user2]]>
              </value>
            </param>
            <param index="4">
              <value>
                <![CDATA[testuser2@gmail.com]]>
              </value>
            </param>
            <param index="5">
              <value>
                <![CDATA[test12345]]>
              </value>
            </param>
            <param index="6">
              <value>
                <![CDATA[90000987]]>
              </value>
            </param>
          </params>
          <reporter-output>
          </reporter-output>
        </test-method> <!-- testPostUser -->
        <test-method signature="testPostUser(java.lang.String,java.lang.String,java.lang.String,java.lang.String,java.lang.String,java.lang.String,java.lang.String)[pri:1, instance:api.test.DDTest@31304f14]" started-at="2023-12-20T21:58:55 IST" name="testPostUser" data-provider="Data" finished-at="2023-12-20T21:58:57 IST" duration-ms="1524" status="PASS">
          <params>
            <param index="0">
              <value>
                <![CDATA[1030]]>
              </value>
            </param>
            <param index="1">
              <value>
                <![CDATA[testUser3]]>
              </value>
            </param>
            <param index="2">
              <value>
                <![CDATA[test]]>
              </value>
            </param>
            <param index="3">
              <value>
                <![CDATA[user3]]>
              </value>
            </param>
            <param index="4">
              <value>
                <![CDATA[testuser3@gmail.com]]>
              </value>
            </param>
            <param index="5">
              <value>
                <![CDATA[test123456]]>
              </value>
            </param>
            <param index="6">
              <value>
                <![CDATA[78909877]]>
              </value>
            </param>
          </params>
          <reporter-output>
          </reporter-output>
        </test-method> <!-- testPostUser -->
        <test-method signature="testGetUser(java.lang.String)[pri:2, instance:api.test.DDTest@31304f14]" started-at="2023-12-20T21:58:57 IST" name="testGetUser" data-provider="UserNames" finished-at="2023-12-20T21:58:58 IST" duration-ms="1577" status="PASS">
          <params>
            <param index="0">
              <value>
                <![CDATA[testUser1]]>
              </value>
            </param>
          </params>
          <reporter-output>
          </reporter-output>
        </test-method> <!-- testGetUser -->
        <test-method signature="testGetUser(java.lang.String)[pri:2, instance:api.test.DDTest@31304f14]" started-at="2023-12-20T21:58:58 IST" name="testGetUser" data-provider="UserNames" finished-at="2023-12-20T21:59:00 IST" duration-ms="1533" status="PASS">
          <params>
            <param index="0">
              <value>
                <![CDATA[testUser2]]>
              </value>
            </param>
          </params>
          <reporter-output>
          </reporter-output>
        </test-method> <!-- testGetUser -->
        <test-method signature="testGetUser(java.lang.String)[pri:2, instance:api.test.DDTest@31304f14]" started-at="2023-12-20T21:59:00 IST" name="testGetUser" data-provider="UserNames" finished-at="2023-12-20T21:59:01 IST" duration-ms="1416" status="PASS">
          <params>
            <param index="0">
              <value>
                <![CDATA[testUser3]]>
              </value>
            </param>
          </params>
          <reporter-output>
          </reporter-output>
        </test-method> <!-- testGetUser -->
        <test-method signature="testDeleteUserByName(java.lang.String)[pri:3, instance:api.test.DDTest@31304f14]" started-at="2023-12-20T21:59:01 IST" name="testDeleteUserByName" data-provider="UserNames" finished-at="2023-12-20T21:59:03 IST" duration-ms="1536" status="PASS">
          <params>
            <param index="0">
              <value>
                <![CDATA[testUser1]]>
              </value>
            </param>
          </params>
          <reporter-output>
          </reporter-output>
        </test-method> <!-- testDeleteUserByName -->
        <test-method signature="testDeleteUserByName(java.lang.String)[pri:3, instance:api.test.DDTest@31304f14]" started-at="2023-12-20T21:59:03 IST" name="testDeleteUserByName" data-provider="UserNames" finished-at="2023-12-20T21:59:04 IST" duration-ms="1519" status="PASS">
          <params>
            <param index="0">
              <value>
                <![CDATA[testUser2]]>
              </value>
            </param>
          </params>
          <reporter-output>
          </reporter-output>
        </test-method> <!-- testDeleteUserByName -->
        <test-method signature="testDeleteUserByName(java.lang.String)[pri:3, instance:api.test.DDTest@31304f14]" started-at="2023-12-20T21:59:04 IST" name="testDeleteUserByName" data-provider="UserNames" finished-at="2023-12-20T21:59:06 IST" duration-ms="1466" status="PASS">
          <params>
            <param index="0">
              <value>
                <![CDATA[testUser3]]>
              </value>
            </param>
          </params>
          <reporter-output>
          </reporter-output>
        </test-method> <!-- testDeleteUserByName -->
      </class> <!-- api.test.DDTest -->
      <class name="api.test.UserTests">
        <test-method is-config="true" signature="setupData()[pri:0, instance:api.test.UserTests@689604d9]" started-at="2023-12-20T21:58:39 IST" name="setupData" finished-at="2023-12-20T21:58:41 IST" duration-ms="1189" status="PASS">
          <reporter-output>
          </reporter-output>
        </test-method> <!-- setupData -->
        <test-method signature="testPostUser()[pri:1, instance:api.test.UserTests@689604d9]" started-at="2023-12-20T21:58:41 IST" name="testPostUser" finished-at="2023-12-20T21:58:44 IST" duration-ms="3629" status="PASS">
          <reporter-output>
          </reporter-output>
        </test-method> <!-- testPostUser -->
        <test-method signature="testgetUser()[pri:2, instance:api.test.UserTests@689604d9]" started-at="2023-12-20T21:58:44 IST" name="testgetUser" finished-at="2023-12-20T21:58:46 IST" duration-ms="1604" status="PASS">
          <reporter-output>
          </reporter-output>
        </test-method> <!-- testgetUser -->
        <test-method signature="testUpdateUser()[pri:3, instance:api.test.UserTests@689604d9]" started-at="2023-12-20T21:58:46 IST" name="testUpdateUser" finished-at="2023-12-20T21:58:49 IST" duration-ms="3064" status="PASS">
          <reporter-output>
          </reporter-output>
        </test-method> <!-- testUpdateUser -->
        <test-method signature="testDeleteUser()[pri:4, instance:api.test.UserTests@689604d9]" started-at="2023-12-20T21:58:49 IST" name="testDeleteUser" finished-at="2023-12-20T21:58:50 IST" duration-ms="1521" status="PASS">
          <reporter-output>
          </reporter-output>
        </test-method> <!-- testDeleteUser -->
      </class> <!-- api.test.UserTests -->
    </test> <!-- PetTest -->
  </suite> <!-- PetSuite -->
</testng-results>
