<?xml version="1.0" encoding="UTF-8"?>
<!-- Generated by org.testng.reporters.JUnitXMLReporter -->
<testsuite ignored="0" hostname="LAPTOP-GVRJID11" failures="0" tests="13" name="PetTest" time="28.473" errors="0" timestamp="2023-12-20T22:00:19 IST">
  <testcase classname="api.test.UserTests" name="testPostUser" time="3.356"/>
  <testcase classname="api.test.UserTests" name="testgetUser" time="3.378"/>
  <testcase classname="api.test.UserTests" name="testUpdateUser" time="3.074"/>
  <testcase classname="api.test.UserTests" name="testDeleteUser" time="1.535"/>
  <testcase classname="api.test.DDTest" name="testPostUser" time="1.843"/>
  <testcase classname="api.test.DDTest" name="testPostUser" time="1.431"/>
  <testcase classname="api.test.DDTest" name="testPostUser" time="1.545"/>
  <testcase classname="api.test.DDTest" name="testGetUser" time="1.39"/>
  <testcase classname="api.test.DDTest" name="testGetUser" time="1.537"/>
  <testcase classname="api.test.DDTest" name="testGetUser" time="1.522"/>
  <testcase classname="api.test.DDTest" name="testDeleteUserByName" time="1.51"/>
  <testcase classname="api.test.DDTest" name="testDeleteUserByName" time="1.535"/>
  <testcase classname="api.test.DDTest" name="testDeleteUserByName" time="1.533"/>
</testsuite> <!-- PetTest -->
