<?xml version="1.0" encoding="UTF-8"?>
<!-- Generated by org.testng.reporters.JUnitXMLReporter -->
<testsuite ignored="0" hostname="LAPTOP-GVRJID11" failures="0" tests="13" name="PetTest" time="26.982" errors="0" timestamp="2023-12-20T21:59:06 IST">
  <testcase classname="api.test.UserTests" name="testPostUser" time="3.629"/>
  <testcase classname="api.test.UserTests" name="testgetUser" time="1.604"/>
  <testcase classname="api.test.UserTests" name="testUpdateUser" time="3.064"/>
  <testcase classname="api.test.UserTests" name="testDeleteUser" time="1.521"/>
  <testcase classname="api.test.DDTest" name="testPostUser" time="1.557"/>
  <testcase classname="api.test.DDTest" name="testPostUser" time="1.532"/>
  <testcase classname="api.test.DDTest" name="testPostUser" time="1.524"/>
  <testcase classname="api.test.DDTest" name="testGetUser" time="1.577"/>
  <testcase classname="api.test.DDTest" name="testGetUser" time="1.533"/>
  <testcase classname="api.test.DDTest" name="testGetUser" time="1.416"/>
  <testcase classname="api.test.DDTest" name="testDeleteUserByName" time="1.536"/>
  <testcase classname="api.test.DDTest" name="testDeleteUserByName" time="1.519"/>
  <testcase classname="api.test.DDTest" name="testDeleteUserByName" time="1.466"/>
</testsuite> <!-- PetTest -->
